Analysis & Synthesis report for lord_brain
Fri Mar 29 09:57:21 2019
Quartus Prime Version 18.0.0 Build 614 04/24/2018 SJ Standard Edition


---------------------
; Table of Contents ;
---------------------
  1. Legal Notice
  2. Analysis & Synthesis Summary
  3. Analysis & Synthesis Settings
  4. Parallel Compilation
  5. Analysis & Synthesis Messages



----------------
; Legal Notice ;
----------------
Copyright (C) 2018  Intel Corporation. All rights reserved.
Your use of Intel Corporation's design tools, logic functions 
and other software and tools, and its AMPP partner logic 
functions, and any output files from any of the foregoing 
(including device programming or simulation files), and any 
associated documentation or information are expressly subject 
to the terms and conditions of the Intel Program License 
Subscription Agreement, the Intel Quartus Prime License Agreement,
the Intel FPGA IP License Agreement, or other applicable license
agreement, including, without limitation, that your use is for
the sole purpose of programming logic devices manufactured by
Intel and sold by Intel or its authorized distributors.  Please
refer to the applicable agreement for further details.



+-------------------------------------------------------------------------------+
; Analysis & Synthesis Summary                                                  ;
+-----------------------------+-------------------------------------------------+
; Analysis & Synthesis Status ; Failed - Fri Mar 29 09:57:21 2019               ;
; Quartus Prime Version       ; 18.0.0 Build 614 04/24/2018 SJ Standard Edition ;
; Revision Name               ; lord_brain                                      ;
; Top-level Entity Name       ; lord_brain                                      ;
; Family                      ; Cyclone V                                       ;
; Logic utilization (in ALMs) ; N/A until Partition Merge                       ;
; Total registers             ; N/A until Partition Merge                       ;
; Total pins                  ; N/A until Partition Merge                       ;
; Total virtual pins          ; N/A until Partition Merge                       ;
; Total block memory bits     ; N/A until Partition Merge                       ;
; Total PLLs                  ; N/A until Partition Merge                       ;
; Total DLLs                  ; N/A until Partition Merge                       ;
+-----------------------------+-------------------------------------------------+


+---------------------------------------------------------------------------------------------------------------------------+
; Analysis & Synthesis Settings                                                                                             ;
+---------------------------------------------------------------------------------+--------------------+--------------------+
; Option                                                                          ; Setting            ; Default Value      ;
+---------------------------------------------------------------------------------+--------------------+--------------------+
; Device                                                                          ; 5CSEMA5F31C6       ;                    ;
; Top-level entity name                                                           ; lord_brain         ; lord_brain         ;
; Family name                                                                     ; Cyclone V          ; Cyclone V          ;
; Use smart compilation                                                           ; Off                ; Off                ;
; Enable parallel Assembler and Timing Analyzer during compilation                ; On                 ; On                 ;
; Enable compact report table                                                     ; Off                ; Off                ;
; Restructure Multiplexers                                                        ; Auto               ; Auto               ;
; MLAB Add Timing Constraints For Mixed-Port Feed-Through Mode Setting Don't Care ; Off                ; Off                ;
; Create Debugging Nodes for IP Cores                                             ; Off                ; Off                ;
; Preserve fewer node names                                                       ; On                 ; On                 ;
; Intel FPGA IP Evaluation Mode                                                   ; Enable             ; Enable             ;
; Verilog Version                                                                 ; Verilog_2001       ; Verilog_2001       ;
; VHDL Version                                                                    ; VHDL_1993          ; VHDL_1993          ;
; State Machine Processing                                                        ; Auto               ; Auto               ;
; Safe State Machine                                                              ; Off                ; Off                ;
; Extract Verilog State Machines                                                  ; On                 ; On                 ;
; Extract VHDL State Machines                                                     ; On                 ; On                 ;
; Ignore Verilog initial constructs                                               ; Off                ; Off                ;
; Iteration limit for constant Verilog loops                                      ; 5000               ; 5000               ;
; Iteration limit for non-constant Verilog loops                                  ; 250                ; 250                ;
; Add Pass-Through Logic to Inferred RAMs                                         ; On                 ; On                 ;
; Infer RAMs from Raw Logic                                                       ; On                 ; On                 ;
; Parallel Synthesis                                                              ; On                 ; On                 ;
; DSP Block Balancing                                                             ; Auto               ; Auto               ;
; NOT Gate Push-Back                                                              ; On                 ; On                 ;
; Power-Up Don't Care                                                             ; On                 ; On                 ;
; Remove Redundant Logic Cells                                                    ; Off                ; Off                ;
; Remove Duplicate Registers                                                      ; On                 ; On                 ;
; Ignore CARRY Buffers                                                            ; Off                ; Off                ;
; Ignore CASCADE Buffers                                                          ; Off                ; Off                ;
; Ignore GLOBAL Buffers                                                           ; Off                ; Off                ;
; Ignore ROW GLOBAL Buffers                                                       ; Off                ; Off                ;
; Ignore LCELL Buffers                                                            ; Off                ; Off                ;
; Ignore SOFT Buffers                                                             ; On                 ; On                 ;
; Limit AHDL Integers to 32 Bits                                                  ; Off                ; Off                ;
; Optimization Technique                                                          ; Balanced           ; Balanced           ;
; Carry Chain Length                                                              ; 70                 ; 70                 ;
; Auto Carry Chains                                                               ; On                 ; On                 ;
; Auto Open-Drain Pins                                                            ; On                 ; On                 ;
; Perform WYSIWYG Primitive Resynthesis                                           ; Off                ; Off                ;
; Auto ROM Replacement                                                            ; On                 ; On                 ;
; Auto RAM Replacement                                                            ; On                 ; On                 ;
; Auto DSP Block Replacement                                                      ; On                 ; On                 ;
; Auto Shift Register Replacement                                                 ; Auto               ; Auto               ;
; Allow Shift Register Merging across Hierarchies                                 ; Auto               ; Auto               ;
; Auto Clock Enable Replacement                                                   ; On                 ; On                 ;
; Strict RAM Replacement                                                          ; Off                ; Off                ;
; Allow Synchronous Control Signals                                               ; On                 ; On                 ;
; Force Use of Synchronous Clear Signals                                          ; Off                ; Off                ;
; Auto Resource Sharing                                                           ; Off                ; Off                ;
; Allow Any RAM Size For Recognition                                              ; Off                ; Off                ;
; Allow Any ROM Size For Recognition                                              ; Off                ; Off                ;
; Allow Any Shift Register Size For Recognition                                   ; Off                ; Off                ;
; Use LogicLock Constraints during Resource Balancing                             ; On                 ; On                 ;
; Ignore translate_off and synthesis_off directives                               ; Off                ; Off                ;
; Timing-Driven Synthesis                                                         ; On                 ; On                 ;
; Report Parameter Settings                                                       ; On                 ; On                 ;
; Report Source Assignments                                                       ; On                 ; On                 ;
; Report Connectivity Checks                                                      ; On                 ; On                 ;
; Ignore Maximum Fan-Out Assignments                                              ; Off                ; Off                ;
; Synchronization Register Chain Length                                           ; 3                  ; 3                  ;
; Power Optimization During Synthesis                                             ; Normal compilation ; Normal compilation ;
; HDL message level                                                               ; Level2             ; Level2             ;
; Suppress Register Optimization Related Messages                                 ; Off                ; Off                ;
; Number of Removed Registers Reported in Synthesis Report                        ; 5000               ; 5000               ;
; Number of Swept Nodes Reported in Synthesis Report                              ; 5000               ; 5000               ;
; Number of Inverted Registers Reported in Synthesis Report                       ; 100                ; 100                ;
; Clock MUX Protection                                                            ; On                 ; On                 ;
; Auto Gated Clock Conversion                                                     ; Off                ; Off                ;
; Block Design Naming                                                             ; Auto               ; Auto               ;
; SDC constraint protection                                                       ; Off                ; Off                ;
; Synthesis Effort                                                                ; Auto               ; Auto               ;
; Shift Register Replacement - Allow Asynchronous Clear Signal                    ; On                 ; On                 ;
; Pre-Mapping Resynthesis Optimization                                            ; Off                ; Off                ;
; Analysis & Synthesis Message Level                                              ; Medium             ; Medium             ;
; Disable Register Merging Across Hierarchies                                     ; Auto               ; Auto               ;
; Resource Aware Inference For Block RAM                                          ; On                 ; On                 ;
; Automatic Parallel Synthesis                                                    ; On                 ; On                 ;
; Partial Reconfiguration Bitstream ID                                            ; Off                ; Off                ;
+---------------------------------------------------------------------------------+--------------------+--------------------+


+------------------------------------------+
; Parallel Compilation                     ;
+----------------------------+-------------+
; Processors                 ; Number      ;
+----------------------------+-------------+
; Number detected on machine ; 8           ;
; Maximum allowed            ; 4           ;
;                            ;             ;
; Average used               ; 1.00        ;
; Maximum used               ; 1           ;
;                            ;             ;
; Usage by Processor         ; % Time Used ;
;     Processor 1            ; 100.0%      ;
+----------------------------+-------------+


+-------------------------------+
; Analysis & Synthesis Messages ;
+-------------------------------+
Info: *******************************************************************
Info: Running Quartus Prime Analysis & Synthesis
    Info: Version 18.0.0 Build 614 04/24/2018 SJ Standard Edition
    Info: Processing started: Fri Mar 29 09:57:04 2019
Info: Command: quartus_map --read_settings_files=on --write_settings_files=off lord_brain -c lord_brain
Warning (18236): Number of processors has not been specified which may cause overloading on shared machines.  Set the global assignment NUM_PARALLEL_PROCESSORS in your QSF to an appropriate value for best performance.
Info (20030): Parallel compilation is enabled and will use 4 of the 4 processors detected
Info (12021): Found 1 design units, including 1 entities, in source file peg_comparator.v
    Info (12023): Found entity 1: peg_comparator File: //SRVD/Homes$/rafiiary/Documents/CSC258/final_project2/peg_comparator.v Line: 1
Info (12021): Found 1 design units, including 1 entities, in source file vga_pll.v
    Info (12023): Found entity 1: vga_pll File: //SRVD/Homes$/rafiiary/Documents/CSC258/final_project2/vga_pll.v Line: 36
Info (12021): Found 1 design units, including 1 entities, in source file vga_controller.v
    Info (12023): Found entity 1: vga_controller File: //SRVD/Homes$/rafiiary/Documents/CSC258/final_project2/vga_controller.v Line: 9
Info (12021): Found 1 design units, including 1 entities, in source file vga_address_translator.v
    Info (12023): Found entity 1: vga_address_translator File: //SRVD/Homes$/rafiiary/Documents/CSC258/final_project2/vga_address_translator.v Line: 4
Info (12021): Found 1 design units, including 1 entities, in source file vga_adapter.v
    Info (12023): Found entity 1: vga_adapter File: //SRVD/Homes$/rafiiary/Documents/CSC258/final_project2/vga_adapter.v Line: 78
Info (12021): Found 1 design units, including 1 entities, in source file turncounter.v
    Info (12023): Found entity 1: turncounter File: //SRVD/Homes$/rafiiary/Documents/CSC258/final_project2/turncounter.v Line: 1
Info (12021): Found 3 design units, including 3 entities, in source file ps2_keyboard_controller.v
    Info (12023): Found entity 1: keyboard_tracker File: //SRVD/Homes$/rafiiary/Documents/CSC258/final_project2/PS2_Keyboard_Controller.v Line: 117
    Info (12023): Found entity 2: keyboard_interface_test_mode0 File: //SRVD/Homes$/rafiiary/Documents/CSC258/final_project2/PS2_Keyboard_Controller.v Line: 421
    Info (12023): Found entity 3: keyboard_interface_test_mode1 File: //SRVD/Homes$/rafiiary/Documents/CSC258/final_project2/PS2_Keyboard_Controller.v Line: 455
Info (12021): Found 1 design units, including 1 entities, in source file ps2_controller.v
    Info (12023): Found entity 1: PS2_Controller File: //SRVD/Homes$/rafiiary/Documents/CSC258/final_project2/PS2_Controller.v Line: 9
Info (12021): Found 1 design units, including 1 entities, in source file lbtimer.v
    Info (12023): Found entity 1: lbtimer File: //SRVD/Homes$/rafiiary/Documents/CSC258/final_project2/lbtimer.v Line: 1
Info (12021): Found 1 design units, including 1 entities, in source file lbkeyboard2.v
    Info (12023): Found entity 1: lbkeyboard2 File: //SRVD/Homes$/rafiiary/Documents/CSC258/final_project2/lbkeyboard2.v Line: 1
Info (12021): Found 1 design units, including 1 entities, in source file datapath.v
    Info (12023): Found entity 1: datapath File: //SRVD/Homes$/rafiiary/Documents/CSC258/final_project2/datapath.v Line: 1
Info (12021): Found 1 design units, including 1 entities, in source file control .v
    Info (12023): Found entity 1: control File: //SRVD/Homes$/rafiiary/Documents/CSC258/final_project2/control .v Line: 1
Info (12021): Found 1 design units, including 1 entities, in source file altera_up_ps2_data_in.v
    Info (12023): Found entity 1: Altera_UP_PS2_Data_In File: //SRVD/Homes$/rafiiary/Documents/CSC258/final_project2/Altera_UP_PS2_Data_In.v Line: 10
Info (12021): Found 1 design units, including 1 entities, in source file altera_up_ps2_command_out.v
    Info (12023): Found entity 1: Altera_UP_PS2_Command_Out File: //SRVD/Homes$/rafiiary/Documents/CSC258/final_project2/Altera_UP_PS2_Command_Out.v Line: 10
Info (12021): Found 3 design units, including 3 entities, in source file lord_brain.v
    Info (12023): Found entity 1: lord_brain File: //SRVD/Homes$/rafiiary/Documents/CSC258/final_project2/lord_brain.v Line: 1
    Info (12023): Found entity 2: combined File: //SRVD/Homes$/rafiiary/Documents/CSC258/final_project2/lord_brain.v Line: 137
    Info (12023): Found entity 3: hexDecoder File: //SRVD/Homes$/rafiiary/Documents/CSC258/final_project2/lord_brain.v Line: 161
Error (10170): Verilog HDL syntax error at feedback.v(13) near text: "<=";  expecting ".", or "(". Check for and fix any syntax errors that appear immediately before or at the specified keyword. The Intel FPGA Knowledge Database contains many articles with specific details on how to resolve this error. Visit the Knowledge Database at https://www.altera.com/support/support-resources/knowledge-base/search.html and search for this specific error message number. File: //SRVD/Homes$/rafiiary/Documents/CSC258/final_project2/output_files/feedback.v Line: 13
Error (10170): Verilog HDL syntax error at feedback.v(20) near text: "reg";  expecting ";". Check for and fix any syntax errors that appear immediately before or at the specified keyword. The Intel FPGA Knowledge Database contains many articles with specific details on how to resolve this error. Visit the Knowledge Database at https://www.altera.com/support/support-resources/knowledge-base/search.html and search for this specific error message number. File: //SRVD/Homes$/rafiiary/Documents/CSC258/final_project2/output_files/feedback.v Line: 20
Error (10170): Verilog HDL syntax error at feedback.v(38) near text: "endmodule";  expecting ";". Check for and fix any syntax errors that appear immediately before or at the specified keyword. The Intel FPGA Knowledge Database contains many articles with specific details on how to resolve this error. Visit the Knowledge Database at https://www.altera.com/support/support-resources/knowledge-base/search.html and search for this specific error message number. File: //SRVD/Homes$/rafiiary/Documents/CSC258/final_project2/output_files/feedback.v Line: 38
Info (12021): Found 0 design units, including 0 entities, in source file output_files/feedback.v
Error: Quartus Prime Analysis & Synthesis was unsuccessful. 3 errors, 1 warning
    Error: Peak virtual memory: 668 megabytes
    Error: Processing ended: Fri Mar 29 09:57:21 2019
    Error: Elapsed time: 00:00:17
    Error: Total CPU time (on all processors): 00:00:24


